Start analysis: 1537519843
Done slicing 1537520234
Reading GOTO program from `xsa200.sliced.binary'
Effective lines of code: 67999
Reading GOTO program from `xsa200.binary'
Effective lines of code: 101821
450.287784 CBMC version 5.10 (cbmc-5.10-163-g755b00c) 64-bit x86_64 linux
450.288463 Reading GOTO program from file
450.288481 Reading: xsa200.sliced.binary
452.881363 Generating GOTO Program
452.952169 Adding CPROVER library (x86_64)
453.370298 sh: gcc: command not found
453.370322 GCC preprocessing failed
453.529700 Removal of function pointers and virtual functions
454.892881 Generic Property Instrumentation
456.739433 Running with 16 object bits, 48 offset bits (user-specified)
456.760771 Starting Bounded Model Checking
457.854508 **** WARNING: no body for function __builtin_memset; assigning non-deterministic values to any pointer arguments
458.113733 Not unwinding loop x86_decode.1 iteration 1 file x86_emulate/x86_emulate.c line 1938 function x86_decode thread 0
479.748877 Not unwinding loop x86_emulate.34 iteration 1 file x86_emulate/x86_emulate.c line 2695 function x86_emulate thread 0
479.766489 Not unwinding loop x86_emulate.35 iteration 1 file x86_emulate/x86_emulate.c line 2699 function x86_emulate thread 0
479.785933 Not unwinding loop x86_emulate.36 iteration 1 file x86_emulate/x86_emulate.c line 2704 function x86_emulate thread 0
479.802087 Not unwinding loop x86_emulate.37 iteration 1 file x86_emulate/x86_emulate.c line 2708 function x86_emulate thread 0
479.818282 Not unwinding loop x86_emulate.38 iteration 1 file x86_emulate/x86_emulate.c line 2712 function x86_emulate thread 0
485.288513 Not unwinding loop x86_emulate.48 iteration 1 file x86_emulate/x86_emulate.c line 2786 function x86_emulate thread 0
485.958638 Not unwinding loop x86_emulate.51 iteration 1 file x86_emulate/x86_emulate.c line 2801 function x86_emulate thread 0
491.736534 Not unwinding loop x86_emulate.63 iteration 1 file x86_emulate/x86_emulate.c line 2958 function x86_emulate thread 0
491.750127 Not unwinding loop x86_emulate.64 iteration 1 file x86_emulate/x86_emulate.c line 2959 function x86_emulate thread 0
491.763680 Not unwinding loop x86_emulate.65 iteration 1 file x86_emulate/x86_emulate.c line 2960 function x86_emulate thread 0
491.777289 Not unwinding loop x86_emulate.66 iteration 1 file x86_emulate/x86_emulate.c line 2961 function x86_emulate thread 0
491.790941 Not unwinding loop x86_emulate.67 iteration 1 file x86_emulate/x86_emulate.c line 2962 function x86_emulate thread 0
491.804625 Not unwinding loop x86_emulate.68 iteration 1 file x86_emulate/x86_emulate.c line 2963 function x86_emulate thread 0
491.818316 Not unwinding loop x86_emulate.69 iteration 1 file x86_emulate/x86_emulate.c line 2964 function x86_emulate thread 0
491.832046 Not unwinding loop x86_emulate.70 iteration 1 file x86_emulate/x86_emulate.c line 2965 function x86_emulate thread 0
494.880446 Not unwinding loop x86_emulate.82 iteration 1 file x86_emulate/x86_emulate.c line 3062 function x86_emulate thread 0
495.520450 Not unwinding loop x86_emulate.96 iteration 1 file x86_emulate/x86_emulate.c line 3122 function x86_emulate thread 0
510.383837 Not unwinding loop x86_emulate.137 iteration 1 file x86_emulate/x86_emulate.c line 3331 function x86_emulate thread 0
511.453409 Not unwinding loop x86_emulate.140 iteration 1 file x86_emulate/x86_emulate.c line 3347 function x86_emulate thread 0
514.333387 Not unwinding loop x86_emulate.150 iteration 1 file x86_emulate/x86_emulate.c line 3414 function x86_emulate thread 0
514.449967 Not unwinding loop x86_emulate.158 iteration 1 file x86_emulate/x86_emulate.c line 3441 function x86_emulate thread 0
514.475335 Not unwinding loop x86_emulate.159 iteration 1 file x86_emulate/x86_emulate.c line 3445 function x86_emulate thread 0
518.308098 Not unwinding loop x86_emulate.542 iteration 1 file x86_emulate/x86_emulate.c line 4045 function x86_emulate thread 0
518.804399 Not unwinding loop x86_emulate.548 iteration 1 file x86_emulate/x86_emulate.c line 4064 function x86_emulate thread 0
519.362153 Not unwinding loop x86_emulate.552 iteration 1 file x86_emulate/x86_emulate.c line 4082 function x86_emulate thread 0
527.148797 Not unwinding loop x86_emulate.573 iteration 1 file x86_emulate/x86_emulate.c line 4311 function x86_emulate thread 0
527.591982 Not unwinding loop x86_emulate.575 iteration 1 file x86_emulate/x86_emulate.c line 4327 function x86_emulate thread 0
527.606549 Not unwinding loop x86_emulate.576 iteration 1 file x86_emulate/x86_emulate.c line 4328 function x86_emulate thread 0
527.623293 Not unwinding loop x86_emulate.577 iteration 1 file x86_emulate/x86_emulate.c line 4330 function x86_emulate thread 0
528.224654 Not unwinding loop x86_emulate.581 iteration 1 file x86_emulate/x86_emulate.c line 4343 function x86_emulate thread 0
533.531275 **** WARNING: no body for function __builtin_memcpy; assigning non-deterministic values to any pointer arguments
533.555019 **** WARNING: no body for function _vcpu_save_fpu; assigning non-deterministic values to any pointer arguments
533.588734 **** WARNING: no body for function read_cr0$link1; assigning non-deterministic values to any pointer arguments
533.593538 **** WARNING: no body for function write_cr0; assigning non-deterministic values to any pointer arguments
533.706487 **** WARNING: no body for function save_segments; assigning non-deterministic values to any pointer arguments
533.897787 **** WARNING: no body for function vmx_fpu_leave; assigning non-deterministic values to any pointer arguments
533.927937 **** WARNING: no body for function vmx_save_guest_msrs; assigning non-deterministic values to any pointer arguments
533.954661 **** WARNING: no body for function vmx_restore_host_msrs; assigning non-deterministic values to any pointer arguments
533.959515 **** WARNING: no body for function vmx_save_dr; assigning non-deterministic values to any pointer arguments
534.254183 **** WARNING: no body for function pi_set_sn; assigning non-deterministic values to any pointer arguments
534.861647 **** WARNING: no body for function xsetbv; assigning non-deterministic values to any pointer arguments
535.227972 **** WARNING: no body for function wrmsrl$link14; assigning non-deterministic values to any pointer arguments
537.624058 **** WARNING: no body for function write_cr4; assigning non-deterministic values to any pointer arguments
537.681923 **** WARNING: no body for function activate_debugregs; assigning non-deterministic values to any pointer arguments
537.950983 **** WARNING: no body for function read_cr4$link1$link2; assigning non-deterministic values to any pointer arguments
537.985065 **** WARNING: no body for function write_cr4$link8; assigning non-deterministic values to any pointer arguments
538.009806 **** WARNING: no body for function vmx_restore_guest_msrs; assigning non-deterministic values to any pointer arguments
538.034149 **** WARNING: no body for function vmx_restore_dr; assigning non-deterministic values to any pointer arguments
538.232611 **** WARNING: no body for function write_u32_atomic$link1$link2; assigning non-deterministic values to any pointer arguments
538.278650 **** WARNING: no body for function pi_clear_sn; assigning non-deterministic values to any pointer arguments
538.459895 **** WARNING: no body for function psr_assoc_rmid; assigning non-deterministic values to any pointer arguments
538.636943 **** WARNING: no body for function psr_assoc_cos; assigning non-deterministic values to any pointer arguments
539.220328 Not unwinding loop __context_switch.4 iteration 1 file domain.c line 2049 function __context_switch thread 0
539.751417 **** WARNING: no body for function __cmpxchg$link1$link3; assigning non-deterministic values to any pointer arguments
539.758784 Not unwinding loop pre_flush.0 iteration 1 file flushtlb.c line 46 function pre_flush thread 0
540.003808 **** WARNING: no body for function get_cpu_info$link28; assigning non-deterministic values to any pointer arguments
540.043323 **** WARNING: no body for function __xadd$link5; assigning non-deterministic values to any pointer arguments
540.053375 **** WARNING: no body for function observe_head; assigning non-deterministic values to any pointer arguments
540.085011 **** WARNING: no body for function rep_nop$link5; assigning non-deterministic values to any pointer arguments
540.087414 Not unwinding loop _spin_lock.0 iteration 1 file spinlock.c line 141 function _spin_lock thread 0
540.394351 Not unwinding loop vsnprintf.10 iteration 1 file vsprintf.c line 446 function vsnprintf thread 0
540.635871 Not unwinding loop strchr.0 iteration 1 file string.c line 162 function strchr thread 0
540.997558 Not unwinding loop printk_prefix_check.0 iteration 1 file console.c line 535 function printk_prefix_check thread 0
541.160584 **** WARNING: no body for function read_u32_atomic$link20; assigning non-deterministic values to any pointer arguments
541.580007 **** WARNING: no body for function get_s_time_fixed; assigning non-deterministic values to any pointer arguments
541.721625 Not unwinding loop _spin_lock.0 iteration 1 file spinlock.c line 141 function _spin_lock thread 0
541.918900 **** WARNING: no body for function add_u16_sized; assigning non-deterministic values to any pointer arguments
542.718658 Not unwinding loop conring_puts.1 iteration 1 file console.c line 203 function conring_puts thread 0
542.825010 Not unwinding loop _spin_lock.0 iteration 1 file spinlock.c line 141 function _spin_lock thread 0
543.581297 Not unwinding loop conring_puts.1 iteration 1 file console.c line 203 function conring_puts thread 0
543.730049 Not unwinding loop _spin_lock.0 iteration 1 file spinlock.c line 141 function _spin_lock thread 0
544.415350 Not unwinding loop conring_puts.1 iteration 1 file console.c line 203 function conring_puts thread 0
544.545525 Not unwinding loop _spin_lock.0 iteration 1 file spinlock.c line 141 function _spin_lock thread 0
544.758612 Not unwinding loop vprintk_common.0 iteration 1 file console.c line 647 function vprintk_common thread 0
545.092877 Not unwinding loop printk_prefix_check.0 iteration 1 file console.c line 535 function printk_prefix_check thread 0
545.487915 Not unwinding loop _spin_lock.0 iteration 1 file spinlock.c line 141 function _spin_lock thread 0
546.724170 Not unwinding loop number.1 iteration 1 file vsprintf.c line 189 function number thread 0
546.890479 Not unwinding loop number.2 iteration 1 file vsprintf.c line 195 function number thread 0
547.111538 Not unwinding loop number.3 iteration 1 file vsprintf.c line 217 function number thread 0
547.208664 Not unwinding loop number.4 iteration 1 file vsprintf.c line 223 function number thread 0
547.307690 Not unwinding loop number.5 iteration 1 file vsprintf.c line 228 function number thread 0
547.409259 Not unwinding loop number.6 iteration 1 file vsprintf.c line 233 function number thread 0
547.438670 Not unwinding loop vsnprintf.10 iteration 1 file vsprintf.c line 446 function vsnprintf thread 0
547.674898 Not unwinding loop _spin_lock.0 iteration 1 file spinlock.c line 141 function _spin_lock thread 0
548.325828 Not unwinding loop conring_puts.1 iteration 1 file console.c line 203 function conring_puts thread 0
548.456335 Not unwinding loop _spin_lock.0 iteration 1 file spinlock.c line 141 function _spin_lock thread 0
549.339516 Not unwinding loop conring_puts.1 iteration 1 file console.c line 203 function conring_puts thread 0
549.477737 Not unwinding loop _spin_lock.0 iteration 1 file spinlock.c line 141 function _spin_lock thread 0
550.351138 Not unwinding loop conring_puts.1 iteration 1 file console.c line 203 function conring_puts thread 0
550.498608 Not unwinding loop _spin_lock.0 iteration 1 file spinlock.c line 141 function _spin_lock thread 0
551.416482 Not unwinding loop conring_puts.1 iteration 1 file console.c line 203 function conring_puts thread 0
551.550312 Not unwinding loop _spin_lock.0 iteration 1 file spinlock.c line 141 function _spin_lock thread 0
553.073019 Not unwinding loop conring_puts.1 iteration 1 file console.c line 203 function conring_puts thread 0
553.206577 Not unwinding loop _spin_lock.0 iteration 1 file spinlock.c line 141 function _spin_lock thread 0
554.389586 Not unwinding loop conring_puts.1 iteration 1 file console.c line 203 function conring_puts thread 0
554.543921 Not unwinding loop _spin_lock.0 iteration 1 file spinlock.c line 141 function _spin_lock thread 0
556.737917 Not unwinding loop _spin_lock.0 iteration 1 file spinlock.c line 141 function _spin_lock thread 0
556.934585 Not unwinding loop pre_flush.0 iteration 1 file flushtlb.c line 46 function pre_flush thread 0
557.000288 **** WARNING: no body for function set_bit$link7; assigning non-deterministic values to any pointer arguments
557.353738 Not unwinding loop _spin_lock.0 iteration 1 file spinlock.c line 141 function _spin_lock thread 0
557.638979 Not unwinding loop vsnprintf.10 iteration 1 file vsprintf.c line 446 function vsnprintf thread 0
557.865717 Not unwinding loop strchr.0 iteration 1 file string.c line 162 function strchr thread 0
558.197263 Not unwinding loop printk_prefix_check.0 iteration 1 file console.c line 535 function printk_prefix_check thread 0
558.570229 Not unwinding loop _spin_lock.0 iteration 1 file spinlock.c line 141 function _spin_lock thread 0
559.759933 Not unwinding loop number.1 iteration 1 file vsprintf.c line 189 function number thread 0
559.907047 Not unwinding loop number.2 iteration 1 file vsprintf.c line 195 function number thread 0
560.111798 Not unwinding loop number.3 iteration 1 file vsprintf.c line 217 function number thread 0
560.202318 Not unwinding loop number.4 iteration 1 file vsprintf.c line 223 function number thread 0
560.292150 Not unwinding loop number.5 iteration 1 file vsprintf.c line 228 function number thread 0
560.380418 Not unwinding loop number.6 iteration 1 file vsprintf.c line 233 function number thread 0
560.405684 Not unwinding loop vsnprintf.10 iteration 1 file vsprintf.c line 446 function vsnprintf thread 0
560.632145 Not unwinding loop _spin_lock.0 iteration 1 file spinlock.c line 141 function _spin_lock thread 0
561.662018 Not unwinding loop conring_puts.1 iteration 1 file console.c line 203 function conring_puts thread 0
561.788372 Not unwinding loop _spin_lock.0 iteration 1 file spinlock.c line 141 function _spin_lock thread 0
563.021439 Not unwinding loop conring_puts.1 iteration 1 file console.c line 203 function conring_puts thread 0
563.148184 Not unwinding loop _spin_lock.0 iteration 1 file spinlock.c line 141 function _spin_lock thread 0
564.391892 Not unwinding loop conring_puts.1 iteration 1 file console.c line 203 function conring_puts thread 0
564.533714 Not unwinding loop _spin_lock.0 iteration 1 file spinlock.c line 141 function _spin_lock thread 0
565.814121 Not unwinding loop conring_puts.1 iteration 1 file console.c line 203 function conring_puts thread 0
565.941461 Not unwinding loop _spin_lock.0 iteration 1 file spinlock.c line 141 function _spin_lock thread 0
567.770317 Not unwinding loop conring_puts.1 iteration 1 file console.c line 203 function conring_puts thread 0
567.907433 Not unwinding loop _spin_lock.0 iteration 1 file spinlock.c line 141 function _spin_lock thread 0
569.444986 Not unwinding loop conring_puts.1 iteration 1 file console.c line 203 function conring_puts thread 0
569.587696 Not unwinding loop _spin_lock.0 iteration 1 file spinlock.c line 141 function _spin_lock thread 0
571.053492 Not unwinding loop conring_puts.1 iteration 1 file console.c line 203 function conring_puts thread 0
571.182177 Not unwinding loop _spin_lock.0 iteration 1 file spinlock.c line 141 function _spin_lock thread 0
571.377448 Not unwinding loop vprintk_common.0 iteration 1 file console.c line 647 function vprintk_common thread 0
571.718398 Not unwinding loop printk_prefix_check.0 iteration 1 file console.c line 535 function printk_prefix_check thread 0
572.089898 Not unwinding loop _spin_lock.0 iteration 1 file spinlock.c line 141 function _spin_lock thread 0
573.254512 Not unwinding loop number.1 iteration 1 file vsprintf.c line 189 function number thread 0
573.397983 Not unwinding loop number.2 iteration 1 file vsprintf.c line 195 function number thread 0
573.603061 Not unwinding loop number.3 iteration 1 file vsprintf.c line 217 function number thread 0
573.691365 Not unwinding loop number.4 iteration 1 file vsprintf.c line 223 function number thread 0
573.779626 Not unwinding loop number.5 iteration 1 file vsprintf.c line 228 function number thread 0
573.867989 Not unwinding loop number.6 iteration 1 file vsprintf.c line 233 function number thread 0
573.893397 Not unwinding loop vsnprintf.10 iteration 1 file vsprintf.c line 446 function vsnprintf thread 0
574.120067 Not unwinding loop _spin_lock.0 iteration 1 file spinlock.c line 141 function _spin_lock thread 0
575.571648 Not unwinding loop conring_puts.1 iteration 1 file console.c line 203 function conring_puts thread 0
575.699771 Not unwinding loop _spin_lock.0 iteration 1 file spinlock.c line 141 function _spin_lock thread 0
577.396252 Not unwinding loop conring_puts.1 iteration 1 file console.c line 203 function conring_puts thread 0
577.524167 Not unwinding loop _spin_lock.0 iteration 1 file spinlock.c line 141 function _spin_lock thread 0
579.193585 Not unwinding loop conring_puts.1 iteration 1 file console.c line 203 function conring_puts thread 0
579.338925 Not unwinding loop _spin_lock.0 iteration 1 file spinlock.c line 141 function _spin_lock thread 0
580.997280 Not unwinding loop conring_puts.1 iteration 1 file console.c line 203 function conring_puts thread 0
581.127278 Not unwinding loop _spin_lock.0 iteration 1 file spinlock.c line 141 function _spin_lock thread 0
583.339714 Not unwinding loop conring_puts.1 iteration 1 file console.c line 203 function conring_puts thread 0
583.470240 Not unwinding loop _spin_lock.0 iteration 1 file spinlock.c line 141 function _spin_lock thread 0
585.350683 Not unwinding loop conring_puts.1 iteration 1 file console.c line 203 function conring_puts thread 0
585.493184 Not unwinding loop _spin_lock.0 iteration 1 file spinlock.c line 141 function _spin_lock thread 0
586.181604 **** WARNING: no body for function __scanbit$link26; assigning non-deterministic values to any pointer arguments
586.494454 Not unwinding loop map_domain_page.3 iteration 1 file domain_page.c line 126 function map_domain_page thread 0
587.048516 Not unwinding loop map_domain_page.5 iteration 1 file domain_page.c line 152 function map_domain_page thread 0
587.206534 Not unwinding loop pre_flush.0 iteration 1 file flushtlb.c line 46 function pre_flush thread 0
587.623847 Not unwinding loop _spin_lock.0 iteration 1 file spinlock.c line 141 function _spin_lock thread 0
587.923515 Not unwinding loop vsnprintf.10 iteration 1 file vsprintf.c line 446 function vsnprintf thread 0
588.155300 Not unwinding loop strchr.0 iteration 1 file string.c line 162 function strchr thread 0
588.499902 Not unwinding loop printk_prefix_check.0 iteration 1 file console.c line 535 function printk_prefix_check thread 0
588.880647 Not unwinding loop _spin_lock.0 iteration 1 file spinlock.c line 141 function _spin_lock thread 0
590.078410 Not unwinding loop number.1 iteration 1 file vsprintf.c line 189 function number thread 0
590.225119 Not unwinding loop number.2 iteration 1 file vsprintf.c line 195 function number thread 0
590.433778 Not unwinding loop number.3 iteration 1 file vsprintf.c line 217 function number thread 0
590.524017 Not unwinding loop number.4 iteration 1 file vsprintf.c line 223 function number thread 0
590.617388 Not unwinding loop number.5 iteration 1 file vsprintf.c line 228 function number thread 0
590.707811 Not unwinding loop number.6 iteration 1 file vsprintf.c line 233 function number thread 0
590.733541 Not unwinding loop vsnprintf.10 iteration 1 file vsprintf.c line 446 function vsnprintf thread 0
590.965492 Not unwinding loop _spin_lock.0 iteration 1 file spinlock.c line 141 function _spin_lock thread 0
592.711601 Not unwinding loop conring_puts.1 iteration 1 file console.c line 203 function conring_puts thread 0
592.841841 Not unwinding loop _spin_lock.0 iteration 1 file spinlock.c line 141 function _spin_lock thread 0
594.807981 Not unwinding loop conring_puts.1 iteration 1 file console.c line 203 function conring_puts thread 0
594.938802 Not unwinding loop _spin_lock.0 iteration 1 file spinlock.c line 141 function _spin_lock thread 0
596.920119 Not unwinding loop conring_puts.1 iteration 1 file console.c line 203 function conring_puts thread 0
597.065833 Not unwinding loop _spin_lock.0 iteration 1 file spinlock.c line 141 function _spin_lock thread 0
599.081397 Not unwinding loop conring_puts.1 iteration 1 file console.c line 203 function conring_puts thread 0
599.214324 Not unwinding loop _spin_lock.0 iteration 1 file spinlock.c line 141 function _spin_lock thread 0
601.810609 Not unwinding loop conring_puts.1 iteration 1 file console.c line 203 function conring_puts thread 0
601.942496 Not unwinding loop _spin_lock.0 iteration 1 file spinlock.c line 141 function _spin_lock thread 0
604.213129 Not unwinding loop conring_puts.1 iteration 1 file console.c line 203 function conring_puts thread 0
604.358864 Not unwinding loop _spin_lock.0 iteration 1 file spinlock.c line 141 function _spin_lock thread 0
606.570430 Not unwinding loop conring_puts.1 iteration 1 file console.c line 203 function conring_puts thread 0
606.703316 Not unwinding loop _spin_lock.0 iteration 1 file spinlock.c line 141 function _spin_lock thread 0
606.903517 Not unwinding loop vprintk_common.0 iteration 1 file console.c line 647 function vprintk_common thread 0
607.291876 Not unwinding loop printk_prefix_check.0 iteration 1 file console.c line 535 function printk_prefix_check thread 0
607.714018 Not unwinding loop _spin_lock.0 iteration 1 file spinlock.c line 141 function _spin_lock thread 0
608.972790 Not unwinding loop number.1 iteration 1 file vsprintf.c line 189 function number thread 0
609.137672 Not unwinding loop number.2 iteration 1 file vsprintf.c line 195 function number thread 0
609.371322 Not unwinding loop number.3 iteration 1 file vsprintf.c line 217 function number thread 0
609.478139 Not unwinding loop number.4 iteration 1 file vsprintf.c line 223 function number thread 0
609.583899 Not unwinding loop number.5 iteration 1 file vsprintf.c line 228 function number thread 0
609.687187 Not unwinding loop number.6 iteration 1 file vsprintf.c line 233 function number thread 0
609.718847 Not unwinding loop vsnprintf.10 iteration 1 file vsprintf.c line 446 function vsnprintf thread 0
609.965109 Not unwinding loop _spin_lock.0 iteration 1 file spinlock.c line 141 function _spin_lock thread 0
612.252519 Not unwinding loop conring_puts.1 iteration 1 file console.c line 203 function conring_puts thread 0
612.396482 Not unwinding loop _spin_lock.0 iteration 1 file spinlock.c line 141 function _spin_lock thread 0
614.933715 Not unwinding loop conring_puts.1 iteration 1 file console.c line 203 function conring_puts thread 0
615.075484 Not unwinding loop _spin_lock.0 iteration 1 file spinlock.c line 141 function _spin_lock thread 0
617.562891 Not unwinding loop conring_puts.1 iteration 1 file console.c line 203 function conring_puts thread 0
617.727459 Not unwinding loop _spin_lock.0 iteration 1 file spinlock.c line 141 function _spin_lock thread 0
620.258604 Not unwinding loop conring_puts.1 iteration 1 file console.c line 203 function conring_puts thread 0
620.404811 Not unwinding loop _spin_lock.0 iteration 1 file spinlock.c line 141 function _spin_lock thread 0
623.577437 Not unwinding loop conring_puts.1 iteration 1 file console.c line 203 function conring_puts thread 0
623.712676 Not unwinding loop _spin_lock.0 iteration 1 file spinlock.c line 141 function _spin_lock thread 0
626.432089 Not unwinding loop conring_puts.1 iteration 1 file console.c line 203 function conring_puts thread 0
626.578794 Not unwinding loop _spin_lock.0 iteration 1 file spinlock.c line 141 function _spin_lock thread 0
641.253581 Not unwinding loop __context_switch.4 iteration 1 file domain.c line 2049 function __context_switch thread 0
641.772531 Not unwinding loop pre_flush.0 iteration 1 file flushtlb.c line 46 function pre_flush thread 0
642.090372 Not unwinding loop _spin_lock.0 iteration 1 file spinlock.c line 141 function _spin_lock thread 0
642.384702 Not unwinding loop vsnprintf.10 iteration 1 file vsprintf.c line 446 function vsnprintf thread 0
642.614493 Not unwinding loop strchr.0 iteration 1 file string.c line 162 function strchr thread 0
642.956915 Not unwinding loop printk_prefix_check.0 iteration 1 file console.c line 535 function printk_prefix_check thread 0
643.359209 Not unwinding loop _spin_lock.0 iteration 1 file spinlock.c line 141 function _spin_lock thread 0
646.430168 Not unwinding loop conring_puts.1 iteration 1 file console.c line 203 function conring_puts thread 0
646.535729 Not unwinding loop _spin_lock.0 iteration 1 file spinlock.c line 141 function _spin_lock thread 0
649.400238 Not unwinding loop conring_puts.1 iteration 1 file console.c line 203 function conring_puts thread 0
649.550496 Not unwinding loop _spin_lock.0 iteration 1 file spinlock.c line 141 function _spin_lock thread 0
652.323809 Not unwinding loop conring_puts.1 iteration 1 file console.c line 203 function conring_puts thread 0
652.452562 Not unwinding loop _spin_lock.0 iteration 1 file spinlock.c line 141 function _spin_lock thread 0
652.658965 Not unwinding loop vprintk_common.0 iteration 1 file console.c line 647 function vprintk_common thread 0
653.083204 Not unwinding loop printk_prefix_check.0 iteration 1 file console.c line 535 function printk_prefix_check thread 0
653.471411 Not unwinding loop _spin_lock.0 iteration 1 file spinlock.c line 141 function _spin_lock thread 0
654.673245 Not unwinding loop number.1 iteration 1 file vsprintf.c line 189 function number thread 0
654.827572 Not unwinding loop number.2 iteration 1 file vsprintf.c line 195 function number thread 0
655.044040 Not unwinding loop number.3 iteration 1 file vsprintf.c line 217 function number thread 0
655.139061 Not unwinding loop number.4 iteration 1 file vsprintf.c line 223 function number thread 0
655.233676 Not unwinding loop number.5 iteration 1 file vsprintf.c line 228 function number thread 0
655.327204 Not unwinding loop number.6 iteration 1 file vsprintf.c line 233 function number thread 0
655.355341 Not unwinding loop vsnprintf.10 iteration 1 file vsprintf.c line 446 function vsnprintf thread 0
655.591510 Not unwinding loop _spin_lock.0 iteration 1 file spinlock.c line 141 function _spin_lock thread 0
658.252207 Not unwinding loop conring_puts.1 iteration 1 file console.c line 203 function conring_puts thread 0
658.380926 Not unwinding loop _spin_lock.0 iteration 1 file spinlock.c line 141 function _spin_lock thread 0
661.262925 Not unwinding loop conring_puts.1 iteration 1 file console.c line 203 function conring_puts thread 0
661.391337 Not unwinding loop _spin_lock.0 iteration 1 file spinlock.c line 141 function _spin_lock thread 0
664.272345 Not unwinding loop conring_puts.1 iteration 1 file console.c line 203 function conring_puts thread 0
664.418118 Not unwinding loop _spin_lock.0 iteration 1 file spinlock.c line 141 function _spin_lock thread 0
667.328935 Not unwinding loop conring_puts.1 iteration 1 file console.c line 203 function conring_puts thread 0
667.458091 Not unwinding loop _spin_lock.0 iteration 1 file spinlock.c line 141 function _spin_lock thread 0
670.972991 Not unwinding loop conring_puts.1 iteration 1 file console.c line 203 function conring_puts thread 0
671.104669 Not unwinding loop _spin_lock.0 iteration 1 file spinlock.c line 141 function _spin_lock thread 0
674.274377 Not unwinding loop conring_puts.1 iteration 1 file console.c line 203 function conring_puts thread 0
674.420866 Not unwinding loop _spin_lock.0 iteration 1 file spinlock.c line 141 function _spin_lock thread 0
676.641034 Not unwinding loop _spin_lock.0 iteration 1 file spinlock.c line 141 function _spin_lock thread 0
676.840847 Not unwinding loop pre_flush.0 iteration 1 file flushtlb.c line 46 function pre_flush thread 0
677.257492 Not unwinding loop _spin_lock.0 iteration 1 file spinlock.c line 141 function _spin_lock thread 0
677.535904 Not unwinding loop vsnprintf.10 iteration 1 file vsprintf.c line 446 function vsnprintf thread 0
677.759891 Not unwinding loop strchr.0 iteration 1 file string.c line 162 function strchr thread 0
678.094023 Not unwinding loop printk_prefix_check.0 iteration 1 file console.c line 535 function printk_prefix_check thread 0
678.469040 Not unwinding loop _spin_lock.0 iteration 1 file spinlock.c line 141 function _spin_lock thread 0
679.645340 Not unwinding loop number.1 iteration 1 file vsprintf.c line 189 function number thread 0
679.789246 Not unwinding loop number.2 iteration 1 file vsprintf.c line 195 function number thread 0
679.993093 Not unwinding loop number.3 iteration 1 file vsprintf.c line 217 function number thread 0
680.081321 Not unwinding loop number.4 iteration 1 file vsprintf.c line 223 function number thread 0
680.169552 Not unwinding loop number.5 iteration 1 file vsprintf.c line 228 function number thread 0
680.257781 Not unwinding loop number.6 iteration 1 file vsprintf.c line 233 function number thread 0
680.283082 Not unwinding loop vsnprintf.10 iteration 1 file vsprintf.c line 446 function vsnprintf thread 0
680.509205 Not unwinding loop _spin_lock.0 iteration 1 file spinlock.c line 141 function _spin_lock thread 0
683.506509 Not unwinding loop conring_puts.1 iteration 1 file console.c line 203 function conring_puts thread 0
683.633928 Not unwinding loop _spin_lock.0 iteration 1 file spinlock.c line 141 function _spin_lock thread 0
686.852376 Not unwinding loop conring_puts.1 iteration 1 file console.c line 203 function conring_puts thread 0
686.980775 Not unwinding loop _spin_lock.0 iteration 1 file spinlock.c line 141 function _spin_lock thread 0
690.203598 Not unwinding loop conring_puts.1 iteration 1 file console.c line 203 function conring_puts thread 0
690.346707 Not unwinding loop _spin_lock.0 iteration 1 file spinlock.c line 141 function _spin_lock thread 0
693.609005 Not unwinding loop conring_puts.1 iteration 1 file console.c line 203 function conring_puts thread 0
693.736989 Not unwinding loop _spin_lock.0 iteration 1 file spinlock.c line 141 function _spin_lock thread 0
697.547790 Not unwinding loop conring_puts.1 iteration 1 file console.c line 203 function conring_puts thread 0
697.678633 Not unwinding loop _spin_lock.0 iteration 1 file spinlock.c line 141 function _spin_lock thread 0
701.164984 Not unwinding loop conring_puts.1 iteration 1 file console.c line 203 function conring_puts thread 0
701.307294 Not unwinding loop _spin_lock.0 iteration 1 file spinlock.c line 141 function _spin_lock thread 0
704.730109 Not unwinding loop conring_puts.1 iteration 1 file console.c line 203 function conring_puts thread 0
704.860550 Not unwinding loop _spin_lock.0 iteration 1 file spinlock.c line 141 function _spin_lock thread 0
705.060149 Not unwinding loop vprintk_common.0 iteration 1 file console.c line 647 function vprintk_common thread 0
705.455149 Not unwinding loop printk_prefix_check.0 iteration 1 file console.c line 535 function printk_prefix_check thread 0
705.829334 Not unwinding loop _spin_lock.0 iteration 1 file spinlock.c line 141 function _spin_lock thread 0
706.995371 Not unwinding loop number.1 iteration 1 file vsprintf.c line 189 function number thread 0
707.140402 Not unwinding loop number.2 iteration 1 file vsprintf.c line 195 function number thread 0
707.348636 Not unwinding loop number.3 iteration 1 file vsprintf.c line 217 function number thread 0
707.437891 Not unwinding loop number.4 iteration 1 file vsprintf.c line 223 function number thread 0
707.527125 Not unwinding loop number.5 iteration 1 file vsprintf.c line 228 function number thread 0
707.617254 Not unwinding loop number.6 iteration 1 file vsprintf.c line 233 function number thread 0
707.642809 Not unwinding loop vsnprintf.10 iteration 1 file vsprintf.c line 446 function vsnprintf thread 0
707.870907 Not unwinding loop _spin_lock.0 iteration 1 file spinlock.c line 141 function _spin_lock thread 0
711.277646 Not unwinding loop conring_puts.1 iteration 1 file console.c line 203 function conring_puts thread 0
711.408397 Not unwinding loop _spin_lock.0 iteration 1 file spinlock.c line 141 function _spin_lock thread 0
715.040413 Not unwinding loop conring_puts.1 iteration 1 file console.c line 203 function conring_puts thread 0
715.170037 Not unwinding loop _spin_lock.0 iteration 1 file spinlock.c line 141 function _spin_lock thread 0
718.794088 Not unwinding loop conring_puts.1 iteration 1 file console.c line 203 function conring_puts thread 0
718.937862 Not unwinding loop _spin_lock.0 iteration 1 file spinlock.c line 141 function _spin_lock thread 0
722.610900 Not unwinding loop conring_puts.1 iteration 1 file console.c line 203 function conring_puts thread 0
722.740127 Not unwinding loop _spin_lock.0 iteration 1 file spinlock.c line 141 function _spin_lock thread 0
726.969912 Not unwinding loop conring_puts.1 iteration 1 file console.c line 203 function conring_puts thread 0
727.100282 Not unwinding loop _spin_lock.0 iteration 1 file spinlock.c line 141 function _spin_lock thread 0
731.017725 Not unwinding loop conring_puts.1 iteration 1 file console.c line 203 function conring_puts thread 0
731.162852 Not unwinding loop _spin_lock.0 iteration 1 file spinlock.c line 141 function _spin_lock thread 0
732.212745 Not unwinding loop map_domain_page.3 iteration 1 file domain_page.c line 126 function map_domain_page thread 0
732.783670 Not unwinding loop map_domain_page.5 iteration 1 file domain_page.c line 152 function map_domain_page thread 0
732.943927 Not unwinding loop pre_flush.0 iteration 1 file flushtlb.c line 46 function pre_flush thread 0
733.382853 Not unwinding loop _spin_lock.0 iteration 1 file spinlock.c line 141 function _spin_lock thread 0
733.670018 Not unwinding loop vsnprintf.10 iteration 1 file vsprintf.c line 446 function vsnprintf thread 0
733.898816 Not unwinding loop strchr.0 iteration 1 file string.c line 162 function strchr thread 0
734.242198 Not unwinding loop printk_prefix_check.0 iteration 1 file console.c line 535 function printk_prefix_check thread 0
734.638534 Not unwinding loop _spin_lock.0 iteration 1 file spinlock.c line 141 function _spin_lock thread 0
735.837266 Not unwinding loop number.1 iteration 1 file vsprintf.c line 189 function number thread 0
735.986102 Not unwinding loop number.2 iteration 1 file vsprintf.c line 195 function number thread 0
736.197222 Not unwinding loop number.3 iteration 1 file vsprintf.c line 217 function number thread 0
736.288750 Not unwinding loop number.4 iteration 1 file vsprintf.c line 223 function number thread 0
736.379747 Not unwinding loop number.5 iteration 1 file vsprintf.c line 228 function number thread 0
736.471520 Not unwinding loop number.6 iteration 1 file vsprintf.c line 233 function number thread 0
736.497644 Not unwinding loop vsnprintf.10 iteration 1 file vsprintf.c line 446 function vsnprintf thread 0
736.732932 Not unwinding loop _spin_lock.0 iteration 1 file spinlock.c line 141 function _spin_lock thread 0
740.503341 Not unwinding loop conring_puts.1 iteration 1 file console.c line 203 function conring_puts thread 0
740.635570 Not unwinding loop _spin_lock.0 iteration 1 file spinlock.c line 141 function _spin_lock thread 0
744.627107 Not unwinding loop conring_puts.1 iteration 1 file console.c line 203 function conring_puts thread 0
744.758808 Not unwinding loop _spin_lock.0 iteration 1 file spinlock.c line 141 function _spin_lock thread 0
748.754043 Not unwinding loop conring_puts.1 iteration 1 file console.c line 203 function conring_puts thread 0
748.900873 Not unwinding loop _spin_lock.0 iteration 1 file spinlock.c line 141 function _spin_lock thread 0
752.938772 Not unwinding loop conring_puts.1 iteration 1 file console.c line 203 function conring_puts thread 0
753.070088 Not unwinding loop _spin_lock.0 iteration 1 file spinlock.c line 141 function _spin_lock thread 0
757.682222 Not unwinding loop conring_puts.1 iteration 1 file console.c line 203 function conring_puts thread 0
757.815155 Not unwinding loop _spin_lock.0 iteration 1 file spinlock.c line 141 function _spin_lock thread 0
762.092857 Not unwinding loop conring_puts.1 iteration 1 file console.c line 203 function conring_puts thread 0
762.239423 Not unwinding loop _spin_lock.0 iteration 1 file spinlock.c line 141 function _spin_lock thread 0
766.458467 Not unwinding loop conring_puts.1 iteration 1 file console.c line 203 function conring_puts thread 0
766.591890 Not unwinding loop _spin_lock.0 iteration 1 file spinlock.c line 141 function _spin_lock thread 0
766.795074 Not unwinding loop vprintk_common.0 iteration 1 file console.c line 647 function vprintk_common thread 0
767.223504 Not unwinding loop printk_prefix_check.0 iteration 1 file console.c line 535 function printk_prefix_check thread 0
767.608721 Not unwinding loop _spin_lock.0 iteration 1 file spinlock.c line 141 function _spin_lock thread 0
768.805974 Not unwinding loop number.1 iteration 1 file vsprintf.c line 189 function number thread 0
768.954949 Not unwinding loop number.2 iteration 1 file vsprintf.c line 195 function number thread 0
769.169216 Not unwinding loop number.3 iteration 1 file vsprintf.c line 217 function number thread 0
769.263005 Not unwinding loop number.4 iteration 1 file vsprintf.c line 223 function number thread 0
769.356889 Not unwinding loop number.5 iteration 1 file vsprintf.c line 228 function number thread 0
769.454834 Not unwinding loop number.6 iteration 1 file vsprintf.c line 233 function number thread 0
769.481509 Not unwinding loop vsnprintf.10 iteration 1 file vsprintf.c line 446 function vsnprintf thread 0
769.717436 Not unwinding loop _spin_lock.0 iteration 1 file spinlock.c line 141 function _spin_lock thread 0
773.916354 Not unwinding loop conring_puts.1 iteration 1 file console.c line 203 function conring_puts thread 0
774.049102 Not unwinding loop _spin_lock.0 iteration 1 file spinlock.c line 141 function _spin_lock thread 0
778.475022 Not unwinding loop conring_puts.1 iteration 1 file console.c line 203 function conring_puts thread 0
778.608038 Not unwinding loop _spin_lock.0 iteration 1 file spinlock.c line 141 function _spin_lock thread 0
783.039206 Not unwinding loop conring_puts.1 iteration 1 file console.c line 203 function conring_puts thread 0
783.187116 Not unwinding loop _spin_lock.0 iteration 1 file spinlock.c line 141 function _spin_lock thread 0
787.648309 Not unwinding loop conring_puts.1 iteration 1 file console.c line 203 function conring_puts thread 0
787.781202 Not unwinding loop _spin_lock.0 iteration 1 file spinlock.c line 141 function _spin_lock thread 0
792.866897 Not unwinding loop conring_puts.1 iteration 1 file console.c line 203 function conring_puts thread 0
793.000705 Not unwinding loop _spin_lock.0 iteration 1 file spinlock.c line 141 function _spin_lock thread 0
797.710362 Not unwinding loop conring_puts.1 iteration 1 file console.c line 203 function conring_puts thread 0
797.858348 Not unwinding loop _spin_lock.0 iteration 1 file spinlock.c line 141 function _spin_lock thread 0
802.010229 Not unwinding loop x86_emulate.697 iteration 1 file x86_emulate/x86_emulate.c line 5037 function x86_emulate thread 0
802.103658 Not unwinding loop x86_emulate.698 iteration 1 file x86_emulate/x86_emulate.c line 5041 function x86_emulate thread 0
804.647307 Not unwinding loop x86_emulate.704 iteration 1 file x86_emulate/x86_emulate.c line 5102 function x86_emulate thread 0
804.741603 Not unwinding loop x86_emulate.705 iteration 1 file x86_emulate/x86_emulate.c line 5106 function x86_emulate thread 0
806.144565 Not unwinding loop x86_emulate.715 iteration 1 file x86_emulate/x86_emulate.c line 5151 function x86_emulate thread 0
806.556076 Not unwinding loop x86_emulate.718 iteration 1 file x86_emulate/x86_emulate.c line 5159 function x86_emulate thread 0
806.649626 Not unwinding loop x86_emulate.719 iteration 1 file x86_emulate/x86_emulate.c line 5163 function x86_emulate thread 0
808.543821 Not unwinding loop x86_emulate.720 iteration 1 file x86_emulate/x86_emulate.c line 5179 function x86_emulate thread 0
808.562761 Not unwinding loop x86_emulate.721 iteration 1 file x86_emulate/x86_emulate.c line 5180 function x86_emulate thread 0
808.581266 Not unwinding loop x86_emulate.722 iteration 1 file x86_emulate/x86_emulate.c line 5181 function x86_emulate thread 0
811.772496 Not unwinding loop x86_emulate.726 iteration 1 file x86_emulate/x86_emulate.c line 5279 function x86_emulate thread 0
813.074831 Not unwinding loop memcmp.0 iteration 1 file string.c line 375 function memcmp thread 0
976.278256 Not unwinding loop __context_switch.4 iteration 1 file domain.c line 2049 function __context_switch thread 0
982.734990 Not unwinding loop pre_flush.0 iteration 1 file flushtlb.c line 46 function pre_flush thread 0
989.149581 Not unwinding loop _spin_lock.0 iteration 1 file spinlock.c line 141 function _spin_lock thread 0
992.924685 Not unwinding loop vsnprintf.10 iteration 1 file vsprintf.c line 446 function vsnprintf thread 0
996.864630 Not unwinding loop strchr.0 iteration 1 file string.c line 162 function strchr thread 0
1002.749719 Not unwinding loop printk_prefix_check.0 iteration 1 file console.c line 535 function printk_prefix_check thread 0
1007.990606 Not unwinding loop _spin_lock.0 iteration 1 file spinlock.c line 141 function _spin_lock thread 0
1029.657347 Not unwinding loop number.1 iteration 1 file vsprintf.c line 189 function number thread 0
1031.719138 Not unwinding loop number.2 iteration 1 file vsprintf.c line 195 function number thread 0
1035.002771 Not unwinding loop number.3 iteration 1 file vsprintf.c line 217 function number thread 0
1036.360401 Not unwinding loop number.4 iteration 1 file vsprintf.c line 223 function number thread 0
1037.717508 Not unwinding loop number.5 iteration 1 file vsprintf.c line 228 function number thread 0
1039.074651 Not unwinding loop number.6 iteration 1 file vsprintf.c line 233 function number thread 0
1039.196509 Not unwinding loop vsnprintf.10 iteration 1 file vsprintf.c line 446 function vsnprintf thread 0
1042.773887 Not unwinding loop _spin_lock.0 iteration 1 file spinlock.c line 141 function _spin_lock thread 0
1052.112903 Not unwinding loop conring_puts.1 iteration 1 file console.c line 203 function conring_puts thread 0
1053.799611 Not unwinding loop _spin_lock.0 iteration 1 file spinlock.c line 141 function _spin_lock thread 0
1065.811954 Not unwinding loop conring_puts.1 iteration 1 file console.c line 203 function conring_puts thread 0
1067.479425 Not unwinding loop _spin_lock.0 iteration 1 file spinlock.c line 141 function _spin_lock thread 0
1078.821568 Not unwinding loop conring_puts.1 iteration 1 file console.c line 203 function conring_puts thread 0
1080.532929 Not unwinding loop _spin_lock.0 iteration 1 file spinlock.c line 141 function _spin_lock thread 0
1091.356772 Not unwinding loop conring_puts.1 iteration 1 file console.c line 203 function conring_puts thread 0
1093.031385 Not unwinding loop _spin_lock.0 iteration 1 file spinlock.c line 141 function _spin_lock thread 0
1110.401819 Not unwinding loop conring_puts.1 iteration 1 file console.c line 203 function conring_puts thread 0
1112.086122 Not unwinding loop _spin_lock.0 iteration 1 file spinlock.c line 141 function _spin_lock thread 0
1124.936726 Not unwinding loop conring_puts.1 iteration 1 file console.c line 203 function conring_puts thread 0
1126.649181 Not unwinding loop _spin_lock.0 iteration 1 file spinlock.c line 141 function _spin_lock thread 0
1137.679940 Not unwinding loop conring_puts.1 iteration 1 file console.c line 203 function conring_puts thread 0
1139.356082 Not unwinding loop _spin_lock.0 iteration 1 file spinlock.c line 141 function _spin_lock thread 0
1141.747846 Not unwinding loop vprintk_common.0 iteration 1 file console.c line 647 function vprintk_common thread 0
1147.618531 Not unwinding loop printk_prefix_check.0 iteration 1 file console.c line 535 function printk_prefix_check thread 0
1152.781323 Not unwinding loop _spin_lock.0 iteration 1 file spinlock.c line 141 function _spin_lock thread 0
1174.113148 Not unwinding loop number.1 iteration 1 file vsprintf.c line 189 function number thread 0
1176.143376 Not unwinding loop number.2 iteration 1 file vsprintf.c line 195 function number thread 0
1179.376766 Not unwinding loop number.3 iteration 1 file vsprintf.c line 217 function number thread 0
1180.720889 Not unwinding loop number.4 iteration 1 file vsprintf.c line 223 function number thread 0
1182.059356 Not unwinding loop number.5 iteration 1 file vsprintf.c line 228 function number thread 0
1183.399191 Not unwinding loop number.6 iteration 1 file vsprintf.c line 233 function number thread 0
1183.520333 Not unwinding loop vsnprintf.10 iteration 1 file vsprintf.c line 446 function vsnprintf thread 0
1187.042061 Not unwinding loop _spin_lock.0 iteration 1 file spinlock.c line 141 function _spin_lock thread 0
1196.668762 Not unwinding loop conring_puts.1 iteration 1 file console.c line 203 function conring_puts thread 0
1198.337356 Not unwinding loop _spin_lock.0 iteration 1 file spinlock.c line 141 function _spin_lock thread 0
1210.642566 Not unwinding loop conring_puts.1 iteration 1 file console.c line 203 function conring_puts thread 0
1212.311625 Not unwinding loop _spin_lock.0 iteration 1 file spinlock.c line 141 function _spin_lock thread 0
1224.008929 Not unwinding loop conring_puts.1 iteration 1 file console.c line 203 function conring_puts thread 0
1225.712061 Not unwinding loop _spin_lock.0 iteration 1 file spinlock.c line 141 function _spin_lock thread 0
1236.891363 Not unwinding loop conring_puts.1 iteration 1 file console.c line 203 function conring_puts thread 0
1238.562851 Not unwinding loop _spin_lock.0 iteration 1 file spinlock.c line 141 function _spin_lock thread 0
1256.212906 Not unwinding loop conring_puts.1 iteration 1 file console.c line 203 function conring_puts thread 0
1257.894115 Not unwinding loop _spin_lock.0 iteration 1 file spinlock.c line 141 function _spin_lock thread 0
1271.041314 Not unwinding loop conring_puts.1 iteration 1 file console.c line 203 function conring_puts thread 0
1272.758445 Not unwinding loop _spin_lock.0 iteration 1 file spinlock.c line 141 function _spin_lock thread 0
1307.530348 Not unwinding loop __context_switch.4 iteration 1 file domain.c line 2049 function __context_switch thread 0
1308.127472 Not unwinding loop pre_flush.0 iteration 1 file flushtlb.c line 46 function pre_flush thread 0
1308.581190 Not unwinding loop _spin_lock.0 iteration 1 file spinlock.c line 141 function _spin_lock thread 0
1308.910691 Not unwinding loop vsnprintf.10 iteration 1 file vsprintf.c line 446 function vsnprintf thread 0
1309.174984 Not unwinding loop strchr.0 iteration 1 file string.c line 162 function strchr thread 0
1309.572688 Not unwinding loop printk_prefix_check.0 iteration 1 file console.c line 535 function printk_prefix_check thread 0
1310.008411 Not unwinding loop _spin_lock.0 iteration 1 file spinlock.c line 141 function _spin_lock thread 0
1311.341703 Not unwinding loop number.1 iteration 1 file vsprintf.c line 189 function number thread 0
1311.515581 Not unwinding loop number.2 iteration 1 file vsprintf.c line 195 function number thread 0
1311.760927 Not unwinding loop number.3 iteration 1 file vsprintf.c line 217 function number thread 0
1311.865783 Not unwinding loop number.4 iteration 1 file vsprintf.c line 223 function number thread 0
1311.974593 Not unwinding loop number.5 iteration 1 file vsprintf.c line 228 function number thread 0
1312.086206 Not unwinding loop number.6 iteration 1 file vsprintf.c line 233 function number thread 0
1312.118502 Not unwinding loop vsnprintf.10 iteration 1 file vsprintf.c line 446 function vsnprintf thread 0
1312.382718 Not unwinding loop _spin_lock.0 iteration 1 file spinlock.c line 141 function _spin_lock thread 0
1317.871805 Not unwinding loop conring_puts.1 iteration 1 file console.c line 203 function conring_puts thread 0
1318.015259 Not unwinding loop _spin_lock.0 iteration 1 file spinlock.c line 141 function _spin_lock thread 0
1323.758303 Not unwinding loop conring_puts.1 iteration 1 file console.c line 203 function conring_puts thread 0
1323.901930 Not unwinding loop _spin_lock.0 iteration 1 file spinlock.c line 141 function _spin_lock thread 0
1329.639478 Not unwinding loop conring_puts.1 iteration 1 file console.c line 203 function conring_puts thread 0
1329.802960 Not unwinding loop _spin_lock.0 iteration 1 file spinlock.c line 141 function _spin_lock thread 0
1335.560761 Not unwinding loop conring_puts.1 iteration 1 file console.c line 203 function conring_puts thread 0
1335.705142 Not unwinding loop _spin_lock.0 iteration 1 file spinlock.c line 141 function _spin_lock thread 0
1342.130663 Not unwinding loop conring_puts.1 iteration 1 file console.c line 203 function conring_puts thread 0
1342.275907 Not unwinding loop _spin_lock.0 iteration 1 file spinlock.c line 141 function _spin_lock thread 0
1348.293110 Not unwinding loop conring_puts.1 iteration 1 file console.c line 203 function conring_puts thread 0
1348.615936 Not unwinding loop _spin_lock.0 iteration 1 file spinlock.c line 141 function _spin_lock thread 0
1354.573011 Not unwinding loop conring_puts.1 iteration 1 file console.c line 203 function conring_puts thread 0
1354.718942 Not unwinding loop _spin_lock.0 iteration 1 file spinlock.c line 141 function _spin_lock thread 0
1354.947123 Not unwinding loop vprintk_common.0 iteration 1 file console.c line 647 function vprintk_common thread 0
1355.465885 Not unwinding loop printk_prefix_check.0 iteration 1 file console.c line 535 function printk_prefix_check thread 0
1355.904792 Not unwinding loop _spin_lock.0 iteration 1 file spinlock.c line 141 function _spin_lock thread 0
1357.243246 Not unwinding loop number.1 iteration 1 file vsprintf.c line 189 function number thread 0
1357.424786 Not unwinding loop number.2 iteration 1 file vsprintf.c line 195 function number thread 0
1357.672216 Not unwinding loop number.3 iteration 1 file vsprintf.c line 217 function number thread 0
1357.778356 Not unwinding loop number.4 iteration 1 file vsprintf.c line 223 function number thread 0
1357.884377 Not unwinding loop number.5 iteration 1 file vsprintf.c line 228 function number thread 0
1357.990286 Not unwinding loop number.6 iteration 1 file vsprintf.c line 233 function number thread 0
1358.022195 Not unwinding loop vsnprintf.10 iteration 1 file vsprintf.c line 446 function vsnprintf thread 0
1358.285032 Not unwinding loop _spin_lock.0 iteration 1 file spinlock.c line 141 function _spin_lock thread 0
1364.192768 Not unwinding loop conring_puts.1 iteration 1 file console.c line 203 function conring_puts thread 0
1364.338643 Not unwinding loop _spin_lock.0 iteration 1 file spinlock.c line 141 function _spin_lock thread 0
1370.509233 Not unwinding loop conring_puts.1 iteration 1 file console.c line 203 function conring_puts thread 0
1370.653897 Not unwinding loop _spin_lock.0 iteration 1 file spinlock.c line 141 function _spin_lock thread 0
1376.787626 Not unwinding loop conring_puts.1 iteration 1 file console.c line 203 function conring_puts thread 0
1376.951748 Not unwinding loop _spin_lock.0 iteration 1 file spinlock.c line 141 function _spin_lock thread 0
1383.126075 Not unwinding loop conring_puts.1 iteration 1 file console.c line 203 function conring_puts thread 0
1383.270649 Not unwinding loop _spin_lock.0 iteration 1 file spinlock.c line 141 function _spin_lock thread 0
1390.162814 Not unwinding loop conring_puts.1 iteration 1 file console.c line 203 function conring_puts thread 0
1390.310233 Not unwinding loop _spin_lock.0 iteration 1 file spinlock.c line 141 function _spin_lock thread 0
1396.751984 Not unwinding loop conring_puts.1 iteration 1 file console.c line 203 function conring_puts thread 0
1396.916383 Not unwinding loop _spin_lock.0 iteration 1 file spinlock.c line 141 function _spin_lock thread 0
1863.962373 size of program expression: 313865 steps
1864.000408 simple slicing removed 207400 assignments
1864.000449 Generated 1 VCC(s), 1 remaining after simplification
1864.000469 Passing problem to propositional reduction
1864.000959 converting SSA
1908.379866 Running propositional reduction
1908.379892 Post-processing
3318.402450 SAT checker ran out of memory
3318.402519 Out of memory

real	48m47.352s
user	48m7.380s
sys	0m39.948s
goto-instrument options: --aggressive-slice --aggressive-slice-call-depth 1  --aggressive-slice-preserve-all-direct-paths 
cbmc options:  --stop-on-fail --object-bits 16 --trace --trace-show-function-calls --trace-show-code --trace-hex --no-sat-preprocessor --unwind 1 --havoc-undefined-functions 
End time 1537523172
